2026-03-07 19:36:17 [info     ] ingest.start                   gp=British session=Q year=2024
core           INFO 	Loading data for British Grand Prix - Qualifying [v3.8.1]
req            INFO 	Using cached data for session_info
req            INFO 	Using cached data for driver_info
req            INFO 	Using cached data for session_status_data
req            INFO 	Using cached data for track_status_data
req            INFO 	Using cached data for _extended_timing_data
req            INFO 	Using cached data for timing_app_data
core           INFO 	Processing timing data...
core        WARNING 	Fixed incorrect tyre stint information for driver '18'
req            INFO 	Using cached data for car_data
req            INFO 	Using cached data for position_data
core           INFO 	Finished loading data for 20 drivers: ['63', '44', '4', '1', '81', '27', '55', '18', '23', '14', '16', '2', '22', '24', '3', '77', '20', '31', '11', '10']
2026-03-07 19:36:18 [info     ] session.loaded                 drivers=20 gp=British type=Q year=2024
2026-03-07 19:36:18 [info     ] session.upserted               key=9554 name='British Grand Prix'
2026-03-07 19:36:18 [info     ] drivers.loaded                 count=20
2026-03-07 19:36:18 [info     ] laps.extracted                 count=368 session_key=9554
2026-03-07 19:36:18 [info     ] laps.cleared                   deleted=368 session_key=9554
2026-03-07 19:36:18 [info     ] laps.batch                     inserted=368 total=368
2026-03-07 19:36:18 [info     ] laps.loaded                    count=368 session_key=9554
2026-03-07 19:36:18 [info     ] telemetry.driver_done          driver=63 samples=647
2026-03-07 19:36:18 [info     ] telemetry.driver_done          driver=44 samples=665
2026-03-07 19:36:18 [info     ] telemetry.driver_done          driver=4 samples=652
2026-03-07 19:36:18 [info     ] telemetry.driver_done          driver=1 samples=659
2026-03-07 19:36:18 [info     ] telemetry.driver_done          driver=81 samples=655
2026-03-07 19:36:18 [info     ] telemetry.driver_done          driver=27 samples=655
2026-03-07 19:36:19 [info     ] telemetry.driver_done          driver=55 samples=651
2026-03-07 19:36:19 [info     ] telemetry.driver_done          driver=18 samples=665
2026-03-07 19:36:19 [info     ] telemetry.driver_done          driver=23 samples=664
2026-03-07 19:36:19 [info     ] telemetry.driver_done          driver=14 samples=652
2026-03-07 19:36:19 [info     ] telemetry.driver_done          driver=16 samples=669
2026-03-07 19:36:19 [info     ] telemetry.driver_done          driver=2 samples=687
2026-03-07 19:36:19 [info     ] telemetry.driver_done          driver=22 samples=655
2026-03-07 19:36:19 [info     ] telemetry.driver_done          driver=24 samples=685
2026-03-07 19:36:19 [info     ] telemetry.driver_done          driver=3 samples=672
2026-03-07 19:36:19 [info     ] telemetry.driver_done          driver=77 samples=712
2026-03-07 19:36:19 [info     ] telemetry.driver_done          driver=20 samples=722
2026-03-07 19:36:19 [info     ] telemetry.driver_done          driver=31 samples=726
2026-03-07 19:36:20 [info     ] telemetry.driver_done          driver=11 samples=729
2026-03-07 19:36:20 [info     ] telemetry.driver_done          driver=10 samples=757
2026-03-07 19:36:20 [info     ] telemetry.extracted            session_key=9554 total=13579
Traceback (most recent call last):
  File "/Users/abdullahmusharaf/Desktop/F1/Pitwall/.venv/lib/python3.11/site-packages/sqlalchemy/engine/base.py", line 1815, in _execute_context
    context = constructor(
              ^^^^^^^^^^^^
  File "/Users/abdullahmusharaf/Desktop/F1/Pitwall/.venv/lib/python3.11/site-packages/sqlalchemy/engine/default.py", line 1416, in _init_compiled
    self.compiled_parameters = [
                               ^
  File "/Users/abdullahmusharaf/Desktop/F1/Pitwall/.venv/lib/python3.11/site-packages/sqlalchemy/engine/default.py", line 1417, in <listcomp>
    compiled.construct_params(
  File "/Users/abdullahmusharaf/Desktop/F1/Pitwall/.venv/lib/python3.11/site-packages/sqlalchemy/sql/compiler.py", line 1926, in construct_params
    raise exc.InvalidRequestError(
sqlalchemy.exc.InvalidRequestError: A value is required for bind parameter 'distance' (Background on this error at: https://sqlalche.me/e/20/cd3x)

The above exception was the direct cause of the following exception:

Traceback (most recent call last):
  File "<frozen runpy>", line 198, in _run_module_as_main
  File "<frozen runpy>", line 88, in _run_code
  File "/Users/abdullahmusharaf/Desktop/F1/Pitwall/packages/ingestion/src/ingestion/ingest_session.py", line 41, in <module>
    main()
  File "/Users/abdullahmusharaf/Desktop/F1/Pitwall/packages/ingestion/src/ingestion/ingest_session.py", line 35, in main
    tel_count = load_telemetry(tel, session_key)
                ^^^^^^^^^^^^^^^^^^^^^^^^^^^^^^^^
  File "/Users/abdullahmusharaf/Desktop/F1/Pitwall/packages/ingestion/src/ingestion/loader.py", line 136, in load_telemetry
    conn.execute(
  File "/Users/abdullahmusharaf/Desktop/F1/Pitwall/.venv/lib/python3.11/site-packages/sqlalchemy/engine/base.py", line 1419, in execute
    return meth(
           ^^^^^
  File "/Users/abdullahmusharaf/Desktop/F1/Pitwall/.venv/lib/python3.11/site-packages/sqlalchemy/sql/elements.py", line 527, in _execute_on_connection
    return connection._execute_clauseelement(
           ^^^^^^^^^^^^^^^^^^^^^^^^^^^^^^^^^^
  File "/Users/abdullahmusharaf/Desktop/F1/Pitwall/.venv/lib/python3.11/site-packages/sqlalchemy/engine/base.py", line 1641, in _execute_clauseelement
    ret = self._execute_context(
          ^^^^^^^^^^^^^^^^^^^^^^
  File "/Users/abdullahmusharaf/Desktop/F1/Pitwall/.venv/lib/python3.11/site-packages/sqlalchemy/engine/base.py", line 1821, in _execute_context
    self._handle_dbapi_exception(
  File "/Users/abdullahmusharaf/Desktop/F1/Pitwall/.venv/lib/python3.11/site-packages/sqlalchemy/engine/base.py", line 2363, in _handle_dbapi_exception
    raise sqlalchemy_exception.with_traceback(exc_info[2]) from e
  File "/Users/abdullahmusharaf/Desktop/F1/Pitwall/.venv/lib/python3.11/site-packages/sqlalchemy/engine/base.py", line 1815, in _execute_context
    context = constructor(
              ^^^^^^^^^^^^
  File "/Users/abdullahmusharaf/Desktop/F1/Pitwall/.venv/lib/python3.11/site-packages/sqlalchemy/engine/default.py", line 1416, in _init_compiled
    self.compiled_parameters = [
                               ^
  File "/Users/abdullahmusharaf/Desktop/F1/Pitwall/.venv/lib/python3.11/site-packages/sqlalchemy/engine/default.py", line 1417, in <listcomp>
    compiled.construct_params(
  File "/Users/abdullahmusharaf/Desktop/F1/Pitwall/.venv/lib/python3.11/site-packages/sqlalchemy/sql/compiler.py", line 1926, in construct_params
    raise exc.InvalidRequestError(
sqlalchemy.exc.StatementError: (sqlalchemy.exc.InvalidRequestError) A value is required for bind parameter 'distance'
[SQL: 
                INSERT INTO telemetry (
                    session_key, driver_number, lap_number,
                    speed_kmh, rpm, gear, throttle_pct, brake, drs,
                    distance_m, x_pos, y_pos,
                    recorded_at
                ) VALUES (
                    %(session_key)s, %(driver_number)s, %(lap_number)s,
                    %(speed)s, %(rpm)s, %(gear)s, %(throttle)s, %(brake)s, %(drs)s,
                    %(distance)s, %(x)s, %(y)s,
                    NOW()
                )
            ]
[parameters: [{'session_key': 9554, 'driver_number': 63, 'lap_number': 25, 'speed': 263.30034098382043, 'rpm': 10860, 'gear': 7, 'throttle': 100.0, 'brake': False, 'drs': 8}, {'session_key': 9554, 'driver_number': 63, 'lap_number': 25, 'speed': 271.047782877067, 'rpm': 11134, 'gear': 7, 'throttle': 100.0, 'brake': False, 'drs': 8}, {'session_key': 9554, 'driver_number': 63, 'lap_number': 25, 'speed': 274.0, 'rpm': 11239, 'gear': 7, 'throttle': 100.0, 'brake': False, 'drs': 8}, {'session_key': 9554, 'driver_number': 63, 'lap_number': 25, 'speed': 274.0, 'rpm': 11324, 'gear': 7, 'throttle': 100.0, 'brake': False, 'drs': 8}, {'session_key': 9554, 'driver_number': 63, 'lap_number': 25, 'speed': 274.0, 'rpm': 11375, 'gear': 7, 'throttle': 100.0, 'brake': False, 'drs': 8}, {'session_key': 9554, 'driver_number': 63, 'lap_number': 25, 'speed': 277.4333354666667, 'rpm': 11431, 'gear': 7, 'throttle': 100.0, 'brake': False, 'drs': 8}, {'session_key': 9554, 'driver_number': 63, 'lap_number': 25, 'speed': 278.0, 'rpm': 11441, 'gear': 7, 'throttle': 100.0, 'brake': False, 'drs': 8}, {'session_key': 9554, 'driver_number': 63, 'lap_number': 25, 'speed': 280.4333354666667, 'rpm': 11481, 'gear': 7, 'throttle': 100.0, 'brake': False, 'drs': 8}, {'session_key': 9554, 'driver_number': 63, 'lap_number': 25, 'speed': 282.0, 'rpm': 11508, 'gear': 7, 'throttle': 100.0, 'brake': False, 'drs': 8}, {'session_key': 9554, 'driver_number': 63, 'lap_number': 25, 'speed': 283.86000128, 'rpm': 11603, 'gear': 7, 'throttle': 100.0, 'brake': False, 'drs': 8}, {'session_key': 9554, 'driver_number': 63, 'lap_number': 25, 'speed': 284.0, 'rpm': 11611, 'gear': 7, 'throttle': 100.0, 'brake': False, 'drs': 8}, {'session_key': 9554, 'driver_number': 63, 'lap_number': 25, 'speed': 287.0, 'rpm': 11725, 'gear': 7, 'throttle': 100.0, 'brake': False, 'drs': 8}, {'session_key': 9554, 'driver_number': 63, 'lap_number': 25, 'speed': 287.06000128, 'rpm': 11728, 'gear': 7, 'throttle': 100.0, 'brake': False, 'drs': 8}, {'session_key': 9554, 'driver_number': 63, 'lap_number': 25, 'speed': 289.0, 'rpm': 11857, 'gear': 7, 'throttle': 100.0, 'brake': False, 'drs': 8}, {'session_key': 9554, 'driver_number': 63, 'lap_number': 25, 'speed': 291.0, 'rpm': 11017, 'gear': 7, 'throttle': 100.0, 'brake': False, 'drs': 8}, {'session_key': 9554, 'driver_number': 63, 'lap_number': 25, 'speed': 291.2937504, 'rpm': 10798, 'gear': 7, 'throttle': 100.0, 'brake': False, 'drs': 8}, {'session_key': 9554, 'driver_number': 63, 'lap_number': 25, 'speed': 292.0, 'rpm': 10274, 'gear': 7, 'throttle': 100.0, 'brake': False, 'drs': 8}, {'session_key': 9554, 'driver_number': 63, 'lap_number': 25, 'speed': 292.73500032, 'rpm': 10423, 'gear': 7, 'throttle': 100.0, 'brake': False, 'drs': 8}, {'session_key': 9554, 'driver_number': 63, 'lap_number': 25, 'speed': 293.0, 'rpm': 10478, 'gear': 8, 'throttle': 100.0, 'brake': False, 'drs': 8}, {'session_key': 9554, 'driver_number': 63, 'lap_number': 25, 'speed': 294.0, 'rpm': 10518, 'gear': 8, 'throttle': 100.0, 'brake': False, 'drs': 8}, {'session_key': 9554, 'driver_number': 63, 'lap_number': 25, 'speed': 294.5750016, 'rpm': 10533, 'gear': 8, 'throttle': 100.0, 'brake': False, 'drs': 8}, {'session_key': 9554, 'driver_number': 63, 'lap_number': 25, 'speed': 296.0, 'rpm': 10572, 'gear': 8, 'throttle': 100.0, 'brake': False, 'drs': 8}, {'session_key': 9554, 'driver_number': 63, 'lap_number': 25, 'speed': 297.0, 'rpm': 10613, 'gear': 8, 'throttle': 100.0, 'brake': False, 'drs': 8}, {'session_key': 9554, 'driver_number': 63, 'lap_number': 25, 'speed': 297.43500032, 'rpm': 10629, 'gear': 8, 'throttle': 100.0, 'brake': False, 'drs': 8}, {'session_key': 9554, 'driver_number': 63, 'lap_number': 25, 'speed': 298.0, 'rpm': 10650, 'gear': 8, 'throttle': 100.0, 'brake': False, 'drs': 8}, {'session_key': 9554, 'driver_number': 63, 'lap_number': 25, 'speed': 299.70250048, 'rpm': 10691, 'gear': 8, 'throttle': 100.0, 'brake': False, 'drs': 8}, {'session_key': 9554, 'driver_number': 63, 'lap_number': 25, 'speed': 301.0, 'rpm': 10724, 'gear': 8, 'throttle': 100.0, 'brake': False, 'drs': 8}, {'session_key': 9554, 'driver_number': 63, 'lap_number': 25, 'speed': 301.1687504, 'rpm': 10725, 'gear': 8, 'throttle': 100.0, 'brake': False, 'drs': 8}, {'session_key': 9554, 'driver_number': 63, 'lap_number': 25, 'speed': 302.0, 'rpm': 10733, 'gear': 8, 'throttle': 100.0, 'brake': False, 'drs': 8}, {'session_key': 9554, 'driver_number': 63, 'lap_number': 25, 'speed': 302.0, 'rpm': 10753, 'gear': 8, 'throttle': 100.0, 'brake': False, 'drs': 8}, {'session_key': 9554, 'driver_number': 63, 'lap_number': 25, 'speed': 302.0, 'rpm': 10778, 'gear': 8, 'throttle': 100.0, 'brake': False, 'drs': 8}, {'session_key': 9554, 'driver_number': 63, 'lap_number': 25, 'speed': 302.43500032, 'rpm': 10778, 'gear': 8, 'throttle': 100.0, 'brake': False, 'drs': 8}, {'session_key': 9554, 'driver_number': 63, 'lap_number': 25, 'speed': 303.0, 'rpm': 10778, 'gear': 8, 'throttle': 100.0, 'brake': False, 'drs': 8}, {'session_key': 9554, 'driver_number': 63, 'lap_number': 25, 'speed': 302.56499968, 'rpm': 10783, 'gear': 8, 'throttle': 100.0, 'brake': False, 'drs': 8}, {'session_key': 9554, 'driver_number': 63, 'lap_number': 25, 'speed': 302.0, 'rpm': 10791, 'gear': 8, 'throttle': 100.0, 'brake': False, 'drs': 8}, {'session_key': 9554, 'driver_number': 63, 'lap_number': 25, 'speed': 301.4071424, 'rpm': 10766, 'gear': 8, 'throttle': 100.0, 'brake': False, 'drs': 8}, {'session_key': 9554, 'driver_number': 63, 'lap_number': 25, 'speed': 301.0, 'rpm': 10750, 'gear': 8, 'throttle': 100.0, 'brake': False, 'drs': 8}, {'session_key': 9554, 'driver_number': 63, 'lap_number': 25, 'speed': 300.66999936, 'rpm': 10740, 'gear': 8, 'throttle': 100.0, 'brake': False, 'drs': 8}, {'session_key': 9554, 'driver_number': 63, 'lap_number': 25, 'speed': 300.0, 'rpm': 10722, 'gear': 8, 'throttle': 100.0, 'brake': False, 'drs': 8}, {'session_key': 9554, 'driver_number': 63, 'lap_number': 25, 'speed': 299.38571337142855, 'rpm': 10702, 'gear': 8, 'throttle': 100.0, 'brake': False, 'drs': 8}, {'session_key': 9554, 'driver_number': 63, 'lap_number': 25, 'speed': 298.0, 'rpm': 10660, 'gear': 8, 'throttle': 100.0, 'brake': False, 'drs': 8}, {'session_key': 9554, 'driver_number': 63, 'lap_number': 25, 'speed': 298.0, 'rpm': 10666, 'gear': 8, 'throttle': 100.0, 'brake': False, 'drs': 8}, {'session_key': 9554, 'driver_number': 63, 'lap_number': 25, 'speed': 297.8562496, 'rpm': 10658, 'gear': 8, 'throttle': 100.0, 'brake': False, 'drs': 8}, {'session_key': 9554, 'driver_number': 63, 'lap_number': 25, 'speed': 297.1062496, 'rpm': 10622, 'gear': 8, 'throttle': 100.0, 'brake': False, 'drs': 8}, {'session_key': 9554, 'driver_number': 63, 'lap_number': 25, 'speed': 297.0, 'rpm': 10617, 'gear': 8, 'throttle': 100.0, 'brake': False, 'drs': 8}, {'session_key': 9554, 'driver_number': 63, 'lap_number': 25, 'speed': 297.0, 'rpm': 10612, 'gear': 8, 'throttle': 100.0, 'brake': False, 'drs': 8}, {'session_key': 9554, 'driver_number': 63, 'lap_number': 25, 'speed': 297.0, 'rpm': 10609, 'gear': 8, 'throttle': 100.0, 'brake': False, 'drs': 8}, {'session_key': 9554, 'driver_number': 63, 'lap_number': 25, 'speed': 298.5375008, 'rpm': 10675, 'gear': 8, 'throttle': 100.0, 'brake': False, 'drs': 8}, {'session_key': 9554, 'driver_number': 63, 'lap_number': 25, 'speed': 299.0, 'rpm': 10696, 'gear': 8, 'throttle': 100.0, 'brake': False, 'drs': 8}, {'session_key': 9554, 'driver_number': 63, 'lap_number': 25, 'speed': 299.1863808031241, 'rpm': 10700, 'gear': 8, 'throttle': 100.0, 'brake': False, 'drs': 8} ... 400 parameters truncated ... {'session_key': 9554, 'driver_number': 63, 'lap_number': 25, 'speed': 239.0, 'rpm': 11324, 'gear': 6, 'throttle': 100.0, 'brake': False, 'drs': 8}, {'session_key': 9554, 'driver_number': 63, 'lap_number': 25, 'speed': 238.8437504, 'rpm': 11341, 'gear': 6, 'throttle': 100.0, 'brake': False, 'drs': 8}, {'session_key': 9554, 'driver_number': 63, 'lap_number': 25, 'speed': 238.0875008, 'rpm': 11423, 'gear': 6, 'throttle': 100.0, 'brake': False, 'drs': 8}, {'session_key': 9554, 'driver_number': 63, 'lap_number': 25, 'speed': 238.0, 'rpm': 11433, 'gear': 6, 'throttle': 100.0, 'brake': False, 'drs': 8}, {'session_key': 9554, 'driver_number': 63, 'lap_number': 25, 'speed': 244.04545163636362, 'rpm': 11580, 'gear': 6, 'throttle': 100.0, 'brake': False, 'drs': 8}, {'session_key': 9554, 'driver_number': 63, 'lap_number': 25, 'speed': 248.0, 'rpm': 11677, 'gear': 6, 'throttle': 100.0, 'brake': False, 'drs': 8}, {'session_key': 9554, 'driver_number': 63, 'lap_number': 25, 'speed': 250.08150434999635, 'rpm': 11123, 'gear': 6, 'throttle': 100.0, 'brake': False, 'drs': 8}, {'session_key': 9554, 'driver_number': 63, 'lap_number': 25, 'speed': 251.82445291001554, 'rpm': 10659, 'gear': 6, 'throttle': 100.0, 'brake': False, 'drs': 8}, {'session_key': 9554, 'driver_number': 63, 'lap_number': 25, 'speed': 252.0, 'rpm': 10613, 'gear': 6, 'throttle': 100.0, 'brake': False, 'drs': 8}, {'session_key': 9554, 'driver_number': 63, 'lap_number': 25, 'speed': 256.0, 'rpm': 10658, 'gear': 7, 'throttle': 100.0, 'brake': False, 'drs': 14}, {'session_key': 9554, 'driver_number': 63, 'lap_number': 25, 'speed': 256.27000064, 'rpm': 10662, 'gear': 7, 'throttle': 100.0, 'brake': False, 'drs': 14}, {'session_key': 9554, 'driver_number': 63, 'lap_number': 25, 'speed': 258.0, 'rpm': 10688, 'gear': 7, 'throttle': 100.0, 'brake': False, 'drs': 14}, {'session_key': 9554, 'driver_number': 63, 'lap_number': 25, 'speed': 260.982144, 'rpm': 10795, 'gear': 7, 'throttle': 100.0, 'brake': False, 'drs': 14}, {'session_key': 9554, 'driver_number': 63, 'lap_number': 25, 'speed': 263.0, 'rpm': 10869, 'gear': 7, 'throttle': 100.0, 'brake': False, 'drs': 12}, {'session_key': 9554, 'driver_number': 63, 'lap_number': 25, 'speed': 263.0, 'rpm': 10869, 'gear': 7, 'throttle': 100.0, 'brake': False, 'drs': 12}, {'session_key': 9554, 'driver_number': 63, 'lap_number': 25, 'speed': 263.0, 'rpm': 10869, 'gear': 7, 'throttle': 100.0, 'brake': False, 'drs': 12}, {'session_key': 9554, 'driver_number': 63, 'lap_number': 25, 'speed': 264.95416853333336, 'rpm': 10961, 'gear': 7, 'throttle': 100.0, 'brake': False, 'drs': 12}, {'session_key': 9554, 'driver_number': 63, 'lap_number': 25, 'speed': 270.0, 'rpm': 11201, 'gear': 7, 'throttle': 100.0, 'brake': False, 'drs': 12}, {'session_key': 9554, 'driver_number': 63, 'lap_number': 25, 'speed': 271.60500096, 'rpm': 11241, 'gear': 7, 'throttle': 100.0, 'brake': False, 'drs': 12}, {'session_key': 9554, 'driver_number': 63, 'lap_number': 25, 'speed': 273.0, 'rpm': 11276, 'gear': 7, 'throttle': 100.0, 'brake': False, 'drs': 12}, {'session_key': 9554, 'driver_number': 63, 'lap_number': 25, 'speed': 276.0, 'rpm': 11351, 'gear': 7, 'throttle': 100.0, 'brake': False, 'drs': 12}, {'session_key': 9554, 'driver_number': 63, 'lap_number': 25, 'speed': 276.05833386666666, 'rpm': 11354, 'gear': 7, 'throttle': 100.0, 'brake': False, 'drs': 12}, {'session_key': 9554, 'driver_number': 63, 'lap_number': 25, 'speed': 278.0, 'rpm': 11478, 'gear': 7, 'throttle': 100.0, 'brake': False, 'drs': 12}, {'session_key': 9554, 'driver_number': 63, 'lap_number': 25, 'speed': 278.54000128, 'rpm': 11500, 'gear': 7, 'throttle': 100.0, 'brake': False, 'drs': 12}, {'session_key': 9554, 'driver_number': 63, 'lap_number': 25, 'speed': 281.74000128, 'rpm': 11634, 'gear': 7, 'throttle': 100.0, 'brake': False, 'drs': 12}, {'session_key': 9554, 'driver_number': 63, 'lap_number': 25, 'speed': 282.0, 'rpm': 11645, 'gear': 7, 'throttle': 100.0, 'brake': False, 'drs': 12}, {'session_key': 9554, 'driver_number': 63, 'lap_number': 25, 'speed': 285.27727476363634, 'rpm': 11469, 'gear': 7, 'throttle': 100.0, 'brake': False, 'drs': 12}, {'session_key': 9554, 'driver_number': 63, 'lap_number': 25, 'speed': 288.47500101818184, 'rpm': 11298, 'gear': 7, 'throttle': 100.0, 'brake': False, 'drs': 12}, {'session_key': 9554, 'driver_number': 63, 'lap_number': 25, 'speed': 289.0, 'rpm': 11270, 'gear': 7, 'throttle': 100.0, 'brake': False, 'drs': 12}, {'session_key': 9554, 'driver_number': 63, 'lap_number': 25, 'speed': 290.5875008, 'rpm': 10697, 'gear': 7, 'throttle': 100.0, 'brake': False, 'drs': 12}, {'session_key': 9554, 'driver_number': 63, 'lap_number': 25, 'speed': 291.0, 'rpm': 10549, 'gear': 7, 'throttle': 100.0, 'brake': False, 'drs': 12}, {'session_key': 9554, 'driver_number': 63, 'lap_number': 25, 'speed': 295.0, 'rpm': 10561, 'gear': 8, 'throttle': 100.0, 'brake': False, 'drs': 12}, {'session_key': 9554, 'driver_number': 63, 'lap_number': 25, 'speed': 296.67000064, 'rpm': 10591, 'gear': 8, 'throttle': 100.0, 'brake': False, 'drs': 12}, {'session_key': 9554, 'driver_number': 63, 'lap_number': 25, 'speed': 297.0, 'rpm': 10597, 'gear': 8, 'throttle': 100.0, 'brake': False, 'drs': 12}, {'session_key': 9554, 'driver_number': 63, 'lap_number': 25, 'speed': 297.1687504, 'rpm': 10610, 'gear': 8, 'throttle': 100.0, 'brake': False, 'drs': 12}, {'session_key': 9554, 'driver_number': 63, 'lap_number': 25, 'speed': 298.0, 'rpm': 10676, 'gear': 8, 'throttle': 100.0, 'brake': False, 'drs': 12}, {'session_key': 9554, 'driver_number': 63, 'lap_number': 25, 'speed': 299.0, 'rpm': 10759, 'gear': 8, 'throttle': 100.0, 'brake': False, 'drs': 12}, {'session_key': 9554, 'driver_number': 63, 'lap_number': 25, 'speed': 299.4875024, 'rpm': 10768, 'gear': 8, 'throttle': 100.0, 'brake': False, 'drs': 12}, {'session_key': 9554, 'driver_number': 63, 'lap_number': 25, 'speed': 302.0, 'rpm': 10819, 'gear': 8, 'throttle': 100.0, 'brake': False, 'drs': 12}, {'session_key': 9554, 'driver_number': 63, 'lap_number': 25, 'speed': 305.0, 'rpm': 10840, 'gear': 8, 'throttle': 100.0, 'brake': False, 'drs': 12}, {'session_key': 9554, 'driver_number': 63, 'lap_number': 25, 'speed': 305.1625008, 'rpm': 10850, 'gear': 8, 'throttle': 100.0, 'brake': False, 'drs': 12}, {'session_key': 9554, 'driver_number': 63, 'lap_number': 25, 'speed': 306.0, 'rpm': 10906, 'gear': 8, 'throttle': 100.0, 'brake': False, 'drs': 12}, {'session_key': 9554, 'driver_number': 63, 'lap_number': 25, 'speed': 306.8833344, 'rpm': 10959, 'gear': 8, 'throttle': 100.0, 'brake': False, 'drs': 12}, {'session_key': 9554, 'driver_number': 63, 'lap_number': 25, 'speed': 308.0, 'rpm': 11028, 'gear': 8, 'throttle': 100.0, 'brake': False, 'drs': 12}, {'session_key': 9554, 'driver_number': 63, 'lap_number': 25, 'speed': 308.33000064, 'rpm': 11010, 'gear': 8, 'throttle': 100.0, 'brake': False, 'drs': 12}, {'session_key': 9554, 'driver_number': 63, 'lap_number': 25, 'speed': 309.0, 'rpm': 10975, 'gear': 8, 'throttle': 100.0, 'brake': False, 'drs': 12}, {'session_key': 9554, 'driver_number': 63, 'lap_number': 25, 'speed': 309.9125008, 'rpm': 11027, 'gear': 8, 'throttle': 100.0, 'brake': False, 'drs': 12}, {'session_key': 9554, 'driver_number': 63, 'lap_number': 25, 'speed': 311.0, 'rpm': 11091, 'gear': 8, 'throttle': 100.0, 'brake': False, 'drs': 12}, {'session_key': 9554, 'driver_number': 63, 'lap_number': 25, 'speed': 311.9125008, 'rpm': 11116, 'gear': 8, 'throttle': 100.0, 'brake': False, 'drs': 12}, {'session_key': 9554, 'driver_number': 63, 'lap_number': 25, 'speed': 312.0, 'rpm': 11119, 'gear': 8, 'throttle': 100.0, 'brake': False, 'drs': 12}]]
(Background on this error at: https://sqlalche.me/e/20/cd3x)
